
> react-kavia@0.1.0 start
> react-scripts start

(node:3022) [DEP_WEBPACK_DEV_SERVER_ON_AFTER_SETUP_MIDDLEWARE] DeprecationWarning: 'onAfterSetupMiddleware' option is deprecated. Please use the 'setupMiddlewares' option.
(Use `node --trace-deprecation ...` to show where the warning was created)
(node:3022) [DEP_WEBPACK_DEV_SERVER_ON_BEFORE_SETUP_MIDDLEWARE] DeprecationWarning: 'onBeforeSetupMiddleware' option is deprecated. Please use the 'setupMiddlewares' option.
Starting the development server...

Compiled successfully!

You can now view react-kavia in the browser.

  Local:            http://localhost:3000
  On Your Network:  http://172.17.0.2:3000

Note that the development build is not optimized.
To create a production build, use npm run build.

webpack compiled successfully
Compiling...
Compiled with warnings.

[eslint] 
src/context/AppContext.js
  Line 2:10:  'searchRepositories' is defined but never used  no-unused-vars

Search for the keywords to learn more about each warning.
To ignore, add // eslint-disable-next-line to the line before.

WARNING in [eslint] 
src/context/AppContext.js
  Line 2:10:  'searchRepositories' is defined but never used  no-unused-vars

webpack compiled with 1 warning
Compiling...
Compiled with warnings.

[eslint] 
src/context/AppContext.js
  Line 2:10:   'searchRepositories' is defined but never used               no-unused-vars
  Line 21:10:  'skillRepositories' is assigned a value but never used       no-unused-vars
  Line 21:29:  'setSkillRepositories' is assigned a value but never used    no-unused-vars
  Line 22:10:  'repositoriesLoading' is assigned a value but never used     no-unused-vars
  Line 22:31:  'setRepositoriesLoading' is assigned a value but never used  no-unused-vars
  Line 23:10:  'repositoriesError' is assigned a value but never used       no-unused-vars
  Line 23:29:  'setRepositoriesError' is assigned a value but never used    no-unused-vars

Search for the keywords to learn more about each warning.
To ignore, add // eslint-disable-next-line to the line before.

WARNING in [eslint] 
src/context/AppContext.js
  Line 2:10:   'searchRepositories' is defined but never used               no-unused-vars
  Line 21:10:  'skillRepositories' is assigned a value but never used       no-unused-vars
  Line 21:29:  'setSkillRepositories' is assigned a value but never used    no-unused-vars
  Line 22:10:  'repositoriesLoading' is assigned a value but never used     no-unused-vars
  Line 22:31:  'setRepositoriesLoading' is assigned a value but never used  no-unused-vars
  Line 23:10:  'repositoriesError' is assigned a value but never used       no-unused-vars
  Line 23:29:  'setRepositoriesError' is assigned a value but never used    no-unused-vars

webpack compiled with 1 warning
Compiling...
Compiled with warnings.

[eslint] 
src/context/AppContext.js
  Line 21:10:  'skillRepositories' is assigned a value but never used          no-unused-vars
  Line 22:10:  'repositoriesLoading' is assigned a value but never used        no-unused-vars
  Line 23:10:  'repositoriesError' is assigned a value but never used          no-unused-vars
  Line 74:9:   'fetchRepositoriesForSkill' is assigned a value but never used  no-unused-vars

Search for the keywords to learn more about each warning.
To ignore, add // eslint-disable-next-line to the line before.

WARNING in [eslint] 
src/context/AppContext.js
  Line 21:10:  'skillRepositories' is assigned a value but never used          no-unused-vars
  Line 22:10:  'repositoriesLoading' is assigned a value but never used        no-unused-vars
  Line 23:10:  'repositoriesError' is assigned a value but never used          no-unused-vars
  Line 74:9:   'fetchRepositoriesForSkill' is assigned a value but never used  no-unused-vars

webpack compiled with 1 warning
Compiling...
Compiled successfully!
webpack compiled successfully
Compiling...
Compiled with warnings.

[eslint] 
src/components/github/GitHubRepositoryCard.js
  Line 12:5:  'name' is assigned a value but never used   no-unused-vars
  Line 19:5:  'owner' is assigned a value but never used  no-unused-vars

src/components/profile/ProfileDetails.js
  Line 1:17:  'useEffect' is defined but never used             no-unused-vars
  Line 2:10:  'Link' is defined but never used                  no-unused-vars
  Line 4:8:   'GitHubRepositoryList' is defined but never used  no-unused-vars
  Line 5:10:  'useAppContext' is defined but never used         no-unused-vars

Search for the keywords to learn more about each warning.
To ignore, add // eslint-disable-next-line to the line before.

WARNING in [eslint] 
src/components/github/GitHubRepositoryCard.js
  Line 12:5:  'name' is assigned a value but never used   no-unused-vars
  Line 19:5:  'owner' is assigned a value but never used  no-unused-vars

src/components/profile/ProfileDetails.js
  Line 1:17:  'useEffect' is defined but never used             no-unused-vars
  Line 2:10:  'Link' is defined but never used                  no-unused-vars
  Line 4:8:   'GitHubRepositoryList' is defined but never used  no-unused-vars
  Line 5:10:  'useAppContext' is defined but never used         no-unused-vars

webpack compiled with 1 warning
Compiling...
Failed to compile.

[eslint] 
src/components/profile/ProfileDetails.js
  Line 28:41:  React Hook "useAppContext" is called conditionally. React Hooks must be called in the exact same order in every component render. Did you accidentally call a React Hook after an early return?  react-hooks/rules-of-hooks
  Line 31:3:   React Hook "useEffect" is called conditionally. React Hooks must be called in the exact same order in every component render. Did you accidentally call a React Hook after an early return?      react-hooks/rules-of-hooks

Search for the keywords to learn more about each error.
WARNING in [eslint] 
src/components/github/GitHubRepositoryCard.js
  Line 12:5:  'name' is assigned a value but never used   no-unused-vars
  Line 19:5:  'owner' is assigned a value but never used  no-unused-vars

src/components/profile/ProfileDetails.js
  Line 2:10:  'Link' is defined but never used                  no-unused-vars
  Line 4:8:   'GitHubRepositoryList' is defined but never used  no-unused-vars

ERROR in [eslint] 
src/components/profile/ProfileDetails.js
  Line 28:41:  React Hook "useAppContext" is called conditionally. React Hooks must be called in the exact same order in every component render. Did you accidentally call a React Hook after an early return?  react-hooks/rules-of-hooks
  Line 31:3:   React Hook "useEffect" is called conditionally. React Hooks must be called in the exact same order in every component render. Did you accidentally call a React Hook after an early return?      react-hooks/rules-of-hooks

Search for the keywords to learn more about each error.

webpack compiled with 1 error and 1 warning
Compiling...
Failed to compile.

[eslint] 
src/components/profile/ProfileDetails.js
  Line 28:41:  React Hook "useAppContext" is called conditionally. React Hooks must be called in the exact same order in every component render. Did you accidentally call a React Hook after an early return?  react-hooks/rules-of-hooks
  Line 31:3:   React Hook "useEffect" is called conditionally. React Hooks must be called in the exact same order in every component render. Did you accidentally call a React Hook after an early return?      react-hooks/rules-of-hooks

Search for the keywords to learn more about each error.
WARNING in [eslint] 
src/components/github/GitHubRepositoryCard.js
  Line 12:5:  'name' is assigned a value but never used   no-unused-vars
  Line 19:5:  'owner' is assigned a value but never used  no-unused-vars

src/components/profile/ProfileDetails.js
  Line 2:10:  'Link' is defined but never used  no-unused-vars

ERROR in [eslint] 
src/components/profile/ProfileDetails.js
  Line 28:41:  React Hook "useAppContext" is called conditionally. React Hooks must be called in the exact same order in every component render. Did you accidentally call a React Hook after an early return?  react-hooks/rules-of-hooks
  Line 31:3:   React Hook "useEffect" is called conditionally. React Hooks must be called in the exact same order in every component render. Did you accidentally call a React Hook after an early return?      react-hooks/rules-of-hooks

Search for the keywords to learn more about each error.

webpack compiled with 1 error and 1 warning
Compiling...
Failed to compile.

[eslint] 
src/components/profile/ProfileDetails.js
  Line 28:41:  React Hook "useAppContext" is called conditionally. React Hooks must be called in the exact same order in every component render. Did you accidentally call a React Hook after an early return?  react-hooks/rules-of-hooks
  Line 31:3:   React Hook "useEffect" is called conditionally. React Hooks must be called in the exact same order in every component render. Did you accidentally call a React Hook after an early return?      react-hooks/rules-of-hooks

Search for the keywords to learn more about each error.
WARNING in [eslint] 
src/components/github/GitHubRepositoryCard.js
  Line 12:5:  'name' is assigned a value but never used   no-unused-vars
  Line 19:5:  'owner' is assigned a value but never used  no-unused-vars

src/components/profile/ProfileDetails.js
  Line 2:10:  'Link' is defined but never used  no-unused-vars

ERROR in [eslint] 
src/components/profile/ProfileDetails.js
  Line 28:41:  React Hook "useAppContext" is called conditionally. React Hooks must be called in the exact same order in every component render. Did you accidentally call a React Hook after an early return?  react-hooks/rules-of-hooks
  Line 31:3:   React Hook "useEffect" is called conditionally. React Hooks must be called in the exact same order in every component render. Did you accidentally call a React Hook after an early return?      react-hooks/rules-of-hooks

Search for the keywords to learn more about each error.

webpack compiled with 1 error and 1 warning
Compiling...
Compiled with warnings.

[eslint] 
src/components/github/GitHubRepositoryCard.js
  Line 12:5:  'name' is assigned a value but never used   no-unused-vars
  Line 19:5:  'owner' is assigned a value but never used  no-unused-vars

src/components/profile/ProfileDetails.js
  Line 2:10:  'Link' is defined but never used  no-unused-vars

Search for the keywords to learn more about each warning.
To ignore, add // eslint-disable-next-line to the line before.

WARNING in [eslint] 
src/components/github/GitHubRepositoryCard.js
  Line 12:5:  'name' is assigned a value but never used   no-unused-vars
  Line 19:5:  'owner' is assigned a value but never used  no-unused-vars

src/components/profile/ProfileDetails.js
  Line 2:10:  'Link' is defined but never used  no-unused-vars

webpack compiled with 1 warning
